Sep 25, 2019 2:21:16 PM com.genuitec.pulse.client.deliverypackage.runtime.internal.Activator initializeLoggers
INFORMAÇÕES: Package starting up at Wed Sep 25 14:21:16 BRT 2019
Sep 25, 2019 2:21:17 PM org.glassfish.grizzly.nio.NIOTransport start
INFORMAÇÕES: Adjusting kernel thread pool to max size 5 to handle configured number of SelectorRunners
Sep 25, 2019 2:21:17 PM org.glassfish.grizzly.http.server.NetworkListener start
INFORMAÇÕES: Started listener bound to [127.0.0.1:53009]
Sep 25, 2019 2:21:17 PM org.glassfish.grizzly.http.server.HttpServer start
INFORMAÇÕES: [HttpServer] Started.
Sep 25, 2019 2:21:17 PM org.glassfish.tyrus.server.Server start
INFORMAÇÕES: WebSocket Registered apps: URLs all start with ws://127.0.0.1:53009
Sep 25, 2019 2:21:17 PM org.glassfish.tyrus.server.Server start
INFORMAÇÕES: WebSocket server started.
Sep 25, 2019 2:21:18 PM com.genuitec.pulse.client.deliverypackage.runtime.UpdatesService checkForWorkspaceUpdates
INFORMAÇÕES: Latest version of package has already been enabled in the workspace; check finished in 2ms
Sep 25, 2019 2:21:20 PM com.genuitec.pulse.client.deliverypackage.runtime.UpdatesService checkForUpdates
INFORMAÇÕES: Newer promotion of package is available; update check finished in 2037ms
Sep 25, 2019 2:21:22 PM org.glassfish.grizzly.http.server.NetworkListener shutdownNow
INFORMAÇÕES: Stopped listener bound to [127.0.0.1:53009]
Sep 25, 2019 2:21:22 PM org.glassfish.tyrus.server.Server stop
INFORMAÇÕES: Websocket Server stopped.
